<?xml version="1.0" encoding="UTF-8"?>
<!-- Generated by org.testng.reporters.JUnitReportReporter -->
<testsuite skipped="0" hostname="LAPTOP-38O84GC3" name="com.cybertek.SearchTests" tests="1" failures="0" timestamp="22 Jun 2018 21:18:40 GMT" time="13.046" errors="0">
  <testcase name="amazonSearchOne" time="13.046" classname="com.cybertek.SearchTests"/>
</testsuite> <!-- com.cybertek.SearchTests -->
