<?xml version="1.0" encoding="UTF-8"?>
<!-- Generated by org.testng.reporters.JUnitReportReporter -->
<testsuite skipped="0" hostname="LAPTOP-38O84GC3" name="com.cybertek.AssertionsDemo" tests="2" failures="0" timestamp="20 Jun 2018 01:25:34 GMT" time="0.011" errors="0">
  <testcase name="testTwo" time="0.001" classname="com.cybertek.AssertionsDemo"/>
  <testcase name="testOne" time="0.010" classname="com.cybertek.AssertionsDemo"/>
</testsuite> <!-- com.cybertek.AssertionsDemo -->
