<?xml version="1.0" encoding="UTF-8"?>
<!-- Generated by org.testng.reporters.JUnitReportReporter -->
<testsuite skipped="0" hostname="LAPTOP-38O84GC3" name="haziran30.SoftAsserts" tests="1" failures="0" timestamp="30 Jun 2018 17:20:42 GMT" time="0.000" errors="0">
  <testcase name="test1" time="0.000" classname="haziran30.SoftAsserts"/>
</testsuite> <!-- haziran30.SoftAsserts -->
