<?xml version="1.0" encoding="UTF-8"?>
<!-- Generated by org.testng.reporters.JUnitReportReporter -->
<testsuite skipped="0" hostname="LAPTOP-38O84GC3" name="webelements.WebElements" tests="2" failures="0" timestamp="27 Jun 2018 17:30:54 GMT" time="18.426" errors="0">
  <testcase name="myLinks" time="5.589" classname="webelements.WebElements"/>
  <testcase name="SeleniumWebElementsForm" time="12.837" classname="webelements.WebElements"/>
</testsuite> <!-- webelements.WebElements -->
