<?xml version="1.0" encoding="UTF-8"?>
<!-- Generated by org.testng.reporters.JUnitReportReporter -->
<testsuite skipped="0" hostname="LAPTOP-38O84GC3" name="webTables.readWebTable" tests="2" failures="0" timestamp="02 Jul 2018 17:08:41 GMT" time="4.026" errors="0">
  <testcase name="readScores" time="0.638" classname="webTables.readWebTable"/>
  <testcase name="applicantsData" time="3.388" classname="webTables.readWebTable"/>
</testsuite> <!-- webTables.readWebTable -->
