<?xml version="1.0" encoding="UTF-8"?>
<!-- Generated by org.testng.reporters.JUnitReportReporter -->
<testsuite skipped="0" hostname="LAPTOP-38O84GC3" name="haziran30.PrintAllProductDetails" tests="1" failures="0" timestamp="30 Jun 2018 16:30:32 GMT" time="7.035" errors="0">
  <testcase name="getAllProducts" time="7.035" classname="haziran30.PrintAllProductDetails"/>
</testsuite> <!-- haziran30.PrintAllProductDetails -->
