<?xml version="1.0" encoding="UTF-8"?>
<!-- Generated by org.testng.reporters.JUnitReportReporter -->
<testsuite skipped="0" hostname="LAPTOP-38O84GC3" name="webTables.Applicant" tests="1" failures="0" timestamp="02 Jul 2018 16:48:17 GMT" time="0.134" errors="0">
  <testcase name="test1" time="0.134" classname="webTables.Applicant"/>
</testsuite> <!-- webTables.Applicant -->
